app/build/intermediates/manifest_merge_blame_file/debug/processDebugMainManifest/manifest-merger-blame-debug-report.txt
1<?xml version="1.0" encoding="utf-8"?>
2<manifest xmlns:android="http://schemas.android.com/apk/res/android"
3    package="app.pedalLog.android"
4    android:versionCode="1"
5    android:versionName="1.0" >
6
7    <uses-sdk
8        android:minSdkVersion="26"
9        android:targetSdkVersion="34" />
10
11    <uses-permission android:name="com.android.vending.BILLING" />
11-->[com.android.billingclient:billing-ktx:7.0.0] AndroidManifest.xml:9:5-67
11-->[com.android.billingclient:billing-ktx:7.0.0] AndroidManifest.xml:9:22-64
12
13    <queries>
13-->[com.android.billingclient:billing:7.0.0] AndroidManifest.xml:12:5-16:15
14        <intent>
14-->[com.android.billingclient:billing:7.0.0] AndroidManifest.xml:13:9-15:18
15            <action android:name="com.android.vending.billing.InAppBillingService.BIND" />
15-->[com.android.billingclient:billing:7.0.0] AndroidManifest.xml:14:13-91
15-->[com.android.billingclient:billing:7.0.0] AndroidManifest.xml:14:21-88
16        </intent>
17        <!-- For browser content -->
18        <intent>
18-->[com.google.android.gms:play-services-ads-lite:23.3.0] AndroidManifest.xml:38:9-44:18
19            <action android:name="android.intent.action.VIEW" />
19-->[com.google.android.gms:play-services-ads-lite:23.3.0] AndroidManifest.xml:39:13-65
19-->[com.google.android.gms:play-services-ads-lite:23.3.0] AndroidManifest.xml:39:21-62
20
21            <category android:name="android.intent.category.BROWSABLE" />
21-->[com.google.android.gms:play-services-ads-lite:23.3.0] AndroidManifest.xml:41:13-74
21-->[com.google.android.gms:play-services-ads-lite:23.3.0] AndroidManifest.xml:41:23-71
22
23            <data android:scheme="https" />
23-->[com.google.android.gms:play-services-ads-lite:23.3.0] AndroidManifest.xml:43:13-44
23-->[com.google.android.gms:play-services-ads-lite:23.3.0] AndroidManifest.xml:43:19-41
24        </intent> <!-- End of browser content -->
25        <!-- For CustomTabsService -->
26        <intent>
26-->[com.google.android.gms:play-services-ads-lite:23.3.0] AndroidManifest.xml:47:9-49:18
27            <action android:name="android.support.customtabs.action.CustomTabsService" />
27-->[com.google.android.gms:play-services-ads-lite:23.3.0] AndroidManifest.xml:48:13-90
27-->[com.google.android.gms:play-services-ads-lite:23.3.0] AndroidManifest.xml:48:21-87
28        </intent>
29    </queries> <!-- Include required permissions for Google Mobile Ads to run -->
30    <uses-permission android:name="android.permission.INTERNET" />
30-->[com.google.android.gms:play-services-ads-lite:23.3.0] AndroidManifest.xml:24:5-67
30-->[com.google.android.gms:play-services-ads-lite:23.3.0] AndroidManifest.xml:24:22-64
31    <uses-permission android:name="android.permission.ACCESS_NETWORK_STATE" />
31-->[com.google.android.gms:play-services-ads-lite:23.3.0] AndroidManifest.xml:25:5-79
31-->[com.google.android.gms:play-services-ads-lite:23.3.0] AndroidManifest.xml:25:22-76
32    <uses-permission android:name="com.google.android.gms.permission.AD_ID" />
32-->[com.google.android.gms:play-services-ads-lite:23.3.0] AndroidManifest.xml:26:5-79
32-->[com.google.android.gms:play-services-ads-lite:23.3.0] AndroidManifest.xml:26:22-76
33    <uses-permission android:name="android.permission.ACCESS_ADSERVICES_AD_ID" />
33-->[com.google.android.gms:play-services-ads-lite:23.3.0] AndroidManifest.xml:27:5-82
33-->[com.google.android.gms:play-services-ads-lite:23.3.0] AndroidManifest.xml:27:22-79
34    <uses-permission android:name="android.permission.ACCESS_ADSERVICES_ATTRIBUTION" />
34-->[com.google.android.gms:play-services-ads-lite:23.3.0] AndroidManifest.xml:28:5-88
34-->[com.google.android.gms:play-services-ads-lite:23.3.0] AndroidManifest.xml:28:22-85
35    <uses-permission android:name="android.permission.ACCESS_ADSERVICES_TOPICS" />
35-->[com.google.android.gms:play-services-ads-lite:23.3.0] AndroidManifest.xml:29:5-83
35-->[com.google.android.gms:play-services-ads-lite:23.3.0] AndroidManifest.xml:29:22-80
36    <uses-permission android:name="android.permission.WAKE_LOCK" />
36-->[com.google.android.gms:play-services-measurement-sdk-api:20.1.2] AndroidManifest.xml:25:5-68
36-->[com.google.android.gms:play-services-measurement-sdk-api:20.1.2] AndroidManifest.xml:25:22-65
37    <uses-permission android:name="android.permission.FOREGROUND_SERVICE" />
37-->[androidx.work:work-runtime:2.7.0] AndroidManifest.xml:28:5-77
37-->[androidx.work:work-runtime:2.7.0] AndroidManifest.xml:28:22-74
38
39    <permission
39-->[androidx.core:core:1.13.1] AndroidManifest.xml:22:5-24:47
40        android:name="app.pedalLog.android.DYNAMIC_RECEIVER_NOT_EXPORTED_PERMISSION"
40-->[androidx.core:core:1.13.1] AndroidManifest.xml:23:9-81
41        android:protectionLevel="signature" />
41-->[androidx.core:core:1.13.1] AndroidManifest.xml:24:9-44
42
43    <uses-permission android:name="app.pedalLog.android.DYNAMIC_RECEIVER_NOT_EXPORTED_PERMISSION" />
43-->[androidx.core:core:1.13.1] AndroidManifest.xml:26:5-97
43-->[androidx.core:core:1.13.1] AndroidManifest.xml:26:22-94
44
45    <supports-screens
45-->[org.osmdroid:osmdroid-android:6.1.18] AndroidManifest.xml:9:5-12:40
46        android:anyDensity="true"
46-->[org.osmdroid:osmdroid-android:6.1.18] AndroidManifest.xml:10:9-34
47        android:largeScreens="true"
47-->[org.osmdroid:osmdroid-android:6.1.18] AndroidManifest.xml:11:9-36
48        android:normalScreens="true" />
48-->[org.osmdroid:osmdroid-android:6.1.18] AndroidManifest.xml:12:9-37
49
50    <uses-feature
50-->[org.osmdroid:osmdroid-android:6.1.18] AndroidManifest.xml:14:5-16:36
51        android:name="android.hardware.location.network"
51-->[org.osmdroid:osmdroid-android:6.1.18] AndroidManifest.xml:15:9-57
52        android:required="false" />
52-->[org.osmdroid:osmdroid-android:6.1.18] AndroidManifest.xml:16:9-33
53    <uses-feature
53-->[org.osmdroid:osmdroid-android:6.1.18] AndroidManifest.xml:17:5-19:36
54        android:name="android.hardware.location.gps"
54-->[org.osmdroid:osmdroid-android:6.1.18] AndroidManifest.xml:18:9-53
55        android:required="false" />
55-->[org.osmdroid:osmdroid-android:6.1.18] AndroidManifest.xml:19:9-33
56    <uses-feature
56-->[org.osmdroid:osmdroid-android:6.1.18] AndroidManifest.xml:20:5-22:36
57        android:name="android.hardware.telephony"
57-->[org.osmdroid:osmdroid-android:6.1.18] AndroidManifest.xml:21:9-50
58        android:required="false" />
58-->[org.osmdroid:osmdroid-android:6.1.18] AndroidManifest.xml:22:9-33
59    <uses-feature
59-->[org.osmdroid:osmdroid-android:6.1.18] AndroidManifest.xml:23:5-25:36
60        android:name="android.hardware.wifi"
60-->[org.osmdroid:osmdroid-android:6.1.18] AndroidManifest.xml:24:9-45
61        android:required="false" />
61-->[org.osmdroid:osmdroid-android:6.1.18] AndroidManifest.xml:25:9-33
62
63    <application
63-->src\main\AndroidManifest.xml:4:5-21:19
64        android:allowBackup="true"
64-->src\main\AndroidManifest.xml:5:9-35
65        android:appComponentFactory="androidx.core.app.CoreComponentFactory"
65-->[androidx.core:core:1.13.1] AndroidManifest.xml:28:18-86
66        android:debuggable="true"
67        android:extractNativeLibs="false"
68        android:label="pedalLog"
68-->src\main\AndroidManifest.xml:6:9-33
69        android:supportsRtl="true"
69-->src\main\AndroidManifest.xml:7:9-35
70        android:testOnly="true"
71        android:theme="@android:style/Theme.DeviceDefault.Light.NoActionBar" >
71-->src\main\AndroidManifest.xml:8:9-77
72        <activity
72-->src\main\AndroidManifest.xml:9:9-11:40
73            android:name="app.pedalLog.android.ui.receive.ReceiveActivity"
73-->src\main\AndroidManifest.xml:10:13-55
74            android:exported="false" />
74-->src\main\AndroidManifest.xml:11:13-37
75        <activity
75-->src\main\AndroidManifest.xml:12:9-20:20
76            android:name="app.pedalLog.android.MainActivity"
76-->src\main\AndroidManifest.xml:13:13-41
77            android:exported="true" >
77-->src\main\AndroidManifest.xml:14:13-36
78            <intent-filter>
78-->src\main\AndroidManifest.xml:15:13-19:29
79                <action android:name="android.intent.action.MAIN" />
79-->src\main\AndroidManifest.xml:16:17-69
79-->src\main\AndroidManifest.xml:16:25-66
80
81                <category android:name="android.intent.category.LAUNCHER" />
81-->src\main\AndroidManifest.xml:18:17-77
81-->src\main\AndroidManifest.xml:18:27-74
82            </intent-filter>
83        </activity>
84        <activity
84-->[androidx.compose.ui:ui-tooling-android:1.6.8] AndroidManifest.xml:23:9-25:39
85            android:name="androidx.compose.ui.tooling.PreviewActivity"
85-->[androidx.compose.ui:ui-tooling-android:1.6.8] AndroidManifest.xml:24:13-71
86            android:exported="true" />
86-->[androidx.compose.ui:ui-tooling-android:1.6.8] AndroidManifest.xml:25:13-36
87        <activity
87-->[androidx.compose.ui:ui-test-manifest:1.6.8] AndroidManifest.xml:23:9-25:39
88            android:name="androidx.activity.ComponentActivity"
88-->[androidx.compose.ui:ui-test-manifest:1.6.8] AndroidManifest.xml:24:13-63
89            android:exported="true" />
89-->[androidx.compose.ui:ui-test-manifest:1.6.8] AndroidManifest.xml:25:13-36
90
91        <service
91-->[androidx.health.connect:connect-client:1.1.0-alpha07] AndroidManifest.xml:24:9-32:19
92            android:name="androidx.health.platform.client.impl.sdkservice.HealthDataSdkService"
92-->[androidx.health.connect:connect-client:1.1.0-alpha07] AndroidManifest.xml:25:13-96
93            android:enabled="true"
93-->[androidx.health.connect:connect-client:1.1.0-alpha07] AndroidManifest.xml:26:13-35
94            android:exported="true" >
94-->[androidx.health.connect:connect-client:1.1.0-alpha07] AndroidManifest.xml:27:13-36
95            <intent-filter>
95-->[androidx.health.connect:connect-client:1.1.0-alpha07] AndroidManifest.xml:29:13-31:29
96                <action android:name="androidx.health.platform.client.ACTION_BIND_SDK_SERVICE" />
96-->[androidx.health.connect:connect-client:1.1.0-alpha07] AndroidManifest.xml:30:17-98
96-->[androidx.health.connect:connect-client:1.1.0-alpha07] AndroidManifest.xml:30:25-95
97            </intent-filter>
98        </service>
99
100        <meta-data
100-->[com.android.billingclient:billing:7.0.0] AndroidManifest.xml:19:9-21:37
101            android:name="com.google.android.play.billingclient.version"
101-->[com.android.billingclient:billing:7.0.0] AndroidManifest.xml:20:13-73
102            android:value="7.0.0" />
102-->[com.android.billingclient:billing:7.0.0] AndroidManifest.xml:21:13-34
103
104        <activity
104-->[com.android.billingclient:billing:7.0.0] AndroidManifest.xml:23:9-27:75
105            android:name="com.android.billingclient.api.ProxyBillingActivity"
105-->[com.android.billingclient:billing:7.0.0] AndroidManifest.xml:24:13-78
106            android:configChanges="keyboard|keyboardHidden|screenLayout|screenSize|orientation"
106-->[com.android.billingclient:billing:7.0.0] AndroidManifest.xml:25:13-96
107            android:exported="false"
107-->[com.android.billingclient:billing:7.0.0] AndroidManifest.xml:26:13-37
108            android:theme="@android:style/Theme.Translucent.NoTitleBar" />
108-->[com.android.billingclient:billing:7.0.0] AndroidManifest.xml:27:13-72
109        <activity
109-->[com.android.billingclient:billing:7.0.0] AndroidManifest.xml:28:9-32:75
110            android:name="com.android.billingclient.api.ProxyBillingActivityV2"
110-->[com.android.billingclient:billing:7.0.0] AndroidManifest.xml:29:13-80
111            android:configChanges="keyboard|keyboardHidden|screenLayout|screenSize|orientation"
111-->[com.android.billingclient:billing:7.0.0] AndroidManifest.xml:30:13-96
112            android:exported="false"
112-->[com.android.billingclient:billing:7.0.0] AndroidManifest.xml:31:13-37
113            android:theme="@android:style/Theme.Translucent.NoTitleBar" /> <!-- Include the AdActivity and InAppPurchaseActivity configChanges and themes. -->
113-->[com.android.billingclient:billing:7.0.0] AndroidManifest.xml:32:13-72
114        <activity
114-->[com.google.android.gms:play-services-ads-lite:23.3.0] AndroidManifest.xml:56:9-61:43
115            android:name="com.google.android.gms.ads.AdActivity"
115-->[com.google.android.gms:play-services-ads-lite:23.3.0] AndroidManifest.xml:57:13-65
116            android:configChanges="keyboard|keyboardHidden|orientation|screenLayout|uiMode|screenSize|smallestScreenSize"
116-->[com.google.android.gms:play-services-ads-lite:23.3.0] AndroidManifest.xml:58:13-122
117            android:exported="false"
117-->[com.google.android.gms:play-services-ads-lite:23.3.0] AndroidManifest.xml:59:13-37
118            android:theme="@android:style/Theme.Translucent" />
118-->[com.google.android.gms:play-services-ads-lite:23.3.0] AndroidManifest.xml:60:13-61
119
120        <provider
120-->[com.google.android.gms:play-services-ads-lite:23.3.0] AndroidManifest.xml:63:9-68:43
121            android:name="com.google.android.gms.ads.MobileAdsInitProvider"
121-->[com.google.android.gms:play-services-ads-lite:23.3.0] AndroidManifest.xml:64:13-76
122            android:authorities="app.pedalLog.android.mobileadsinitprovider"
122-->[com.google.android.gms:play-services-ads-lite:23.3.0] AndroidManifest.xml:65:13-73
123            android:exported="false"
123-->[com.google.android.gms:play-services-ads-lite:23.3.0] AndroidManifest.xml:66:13-37
124            android:initOrder="100" />
124-->[com.google.android.gms:play-services-ads-lite:23.3.0] AndroidManifest.xml:67:13-36
125
126        <service
126-->[com.google.android.gms:play-services-ads-lite:23.3.0] AndroidManifest.xml:70:9-74:43
127            android:name="com.google.android.gms.ads.AdService"
127-->[com.google.android.gms:play-services-ads-lite:23.3.0] AndroidManifest.xml:71:13-64
128            android:enabled="true"
128-->[com.google.android.gms:play-services-ads-lite:23.3.0] AndroidManifest.xml:72:13-35
129            android:exported="false" />
129-->[com.google.android.gms:play-services-ads-lite:23.3.0] AndroidManifest.xml:73:13-37
130
131        <activity
131-->[com.google.android.gms:play-services-ads-lite:23.3.0] AndroidManifest.xml:76:9-80:43
132            android:name="com.google.android.gms.ads.OutOfContextTestingActivity"
132-->[com.google.android.gms:play-services-ads-lite:23.3.0] AndroidManifest.xml:77:13-82
133            android:configChanges="keyboard|keyboardHidden|orientation|screenLayout|uiMode|screenSize|smallestScreenSize"
133-->[com.google.android.gms:play-services-ads-lite:23.3.0] AndroidManifest.xml:78:13-122
134            android:exported="false" />
134-->[com.google.android.gms:play-services-ads-lite:23.3.0] AndroidManifest.xml:79:13-37
135        <activity
135-->[com.google.android.gms:play-services-ads-lite:23.3.0] AndroidManifest.xml:81:9-88:43
136            android:name="com.google.android.gms.ads.NotificationHandlerActivity"
136-->[com.google.android.gms:play-services-ads-lite:23.3.0] AndroidManifest.xml:82:13-82
137            android:excludeFromRecents="true"
137-->[com.google.android.gms:play-services-ads-lite:23.3.0] AndroidManifest.xml:83:13-46
138            android:exported="false"
138-->[com.google.android.gms:play-services-ads-lite:23.3.0] AndroidManifest.xml:84:13-37
139            android:launchMode="singleTask"
139-->[com.google.android.gms:play-services-ads-lite:23.3.0] AndroidManifest.xml:85:13-44
140            android:taskAffinity=""
140-->[com.google.android.gms:play-services-ads-lite:23.3.0] AndroidManifest.xml:86:13-36
141            android:theme="@android:style/Theme.Translucent.NoTitleBar" />
141-->[com.google.android.gms:play-services-ads-lite:23.3.0] AndroidManifest.xml:87:13-72
142
143        <property
143-->[com.google.android.gms:play-services-ads-lite:23.3.0] AndroidManifest.xml:90:9-92:62
144            android:name="android.adservices.AD_SERVICES_CONFIG"
144-->[com.google.android.gms:play-services-ads-lite:23.3.0] AndroidManifest.xml:91:13-65
145            android:resource="@xml/gma_ad_services_config" />
145-->[com.google.android.gms:play-services-ads-lite:23.3.0] AndroidManifest.xml:92:13-59
146
147        <activity
147-->[com.google.android.gms:play-services-base:18.3.0] AndroidManifest.xml:20:9-22:45
148            android:name="com.google.android.gms.common.api.GoogleApiActivity"
148-->[com.google.android.gms:play-services-base:18.3.0] AndroidManifest.xml:20:19-85
149            android:exported="false"
149-->[com.google.android.gms:play-services-base:18.3.0] AndroidManifest.xml:22:19-43
150            android:theme="@android:style/Theme.Translucent.NoTitleBar" />
150-->[com.google.android.gms:play-services-base:18.3.0] AndroidManifest.xml:21:19-78
151
152        <meta-data
152-->[com.google.android.gms:play-services-basement:18.4.0] AndroidManifest.xml:6:9-122
153            android:name="com.google.android.gms.version"
153-->[com.google.android.gms:play-services-basement:18.4.0] AndroidManifest.xml:6:20-65
154            android:value="@integer/google_play_services_version" />
154-->[com.google.android.gms:play-services-basement:18.4.0] AndroidManifest.xml:6:66-119
155
156        <uses-library
156-->[androidx.privacysandbox.ads:ads-adservices:1.0.0-beta05] AndroidManifest.xml:23:9-25:40
157            android:name="android.ext.adservices"
157-->[androidx.privacysandbox.ads:ads-adservices:1.0.0-beta05] AndroidManifest.xml:24:13-50
158            android:required="false" />
158-->[androidx.privacysandbox.ads:ads-adservices:1.0.0-beta05] AndroidManifest.xml:25:13-37
159
160        <provider
160-->[androidx.work:work-runtime:2.7.0] AndroidManifest.xml:31:9-39:20
161            android:name="androidx.startup.InitializationProvider"
161-->[androidx.work:work-runtime:2.7.0] AndroidManifest.xml:32:13-67
162            android:authorities="app.pedalLog.android.androidx-startup"
162-->[androidx.work:work-runtime:2.7.0] AndroidManifest.xml:33:13-68
163            android:exported="false" >
163-->[androidx.work:work-runtime:2.7.0] AndroidManifest.xml:34:13-37
164            <meta-data
164-->[androidx.work:work-runtime:2.7.0] AndroidManifest.xml:36:13-38:52
165                android:name="androidx.work.WorkManagerInitializer"
165-->[androidx.work:work-runtime:2.7.0] AndroidManifest.xml:37:17-68
166                android:value="androidx.startup" />
166-->[androidx.work:work-runtime:2.7.0] AndroidManifest.xml:38:17-49
167            <meta-data
167-->[androidx.emoji2:emoji2:1.3.0] AndroidManifest.xml:29:13-31:52
168                android:name="androidx.emoji2.text.EmojiCompatInitializer"
168-->[androidx.emoji2:emoji2:1.3.0] AndroidManifest.xml:30:17-75
169                android:value="androidx.startup" />
169-->[androidx.emoji2:emoji2:1.3.0] AndroidManifest.xml:31:17-49
170            <meta-data
170-->[androidx.lifecycle:lifecycle-process:2.8.4] AndroidManifest.xml:29:13-31:52
171                android:name="androidx.lifecycle.ProcessLifecycleInitializer"
171-->[androidx.lifecycle:lifecycle-process:2.8.4] AndroidManifest.xml:30:17-78
172                android:value="androidx.startup" />
172-->[androidx.lifecycle:lifecycle-process:2.8.4] AndroidManifest.xml:31:17-49
173            <meta-data
173-->[androidx.profileinstaller:profileinstaller:1.3.1] AndroidManifest.xml:29:13-31:52
174                android:name="androidx.profileinstaller.ProfileInstallerInitializer"
174-->[androidx.profileinstaller:profileinstaller:1.3.1] AndroidManifest.xml:30:17-85
175                android:value="androidx.startup" />
175-->[androidx.profileinstaller:profileinstaller:1.3.1] AndroidManifest.xml:31:17-49
176        </provider>
177
178        <service
178-->[androidx.work:work-runtime:2.7.0] AndroidManifest.xml:41:9-46:35
179            android:name="androidx.work.impl.background.systemalarm.SystemAlarmService"
179-->[androidx.work:work-runtime:2.7.0] AndroidManifest.xml:42:13-88
180            android:directBootAware="false"
180-->[androidx.work:work-runtime:2.7.0] AndroidManifest.xml:43:13-44
181            android:enabled="@bool/enable_system_alarm_service_default"
181-->[androidx.work:work-runtime:2.7.0] AndroidManifest.xml:44:13-72
182            android:exported="false" />
182-->[androidx.work:work-runtime:2.7.0] AndroidManifest.xml:45:13-37
183        <service
183-->[androidx.work:work-runtime:2.7.0] AndroidManifest.xml:47:9-53:35
184            android:name="androidx.work.impl.background.systemjob.SystemJobService"
184-->[androidx.work:work-runtime:2.7.0] AndroidManifest.xml:48:13-84
185            android:directBootAware="false"
185-->[androidx.work:work-runtime:2.7.0] AndroidManifest.xml:49:13-44
186            android:enabled="@bool/enable_system_job_service_default"
186-->[androidx.work:work-runtime:2.7.0] AndroidManifest.xml:50:13-70
187            android:exported="true"
187-->[androidx.work:work-runtime:2.7.0] AndroidManifest.xml:51:13-36
188            android:permission="android.permission.BIND_JOB_SERVICE" />
188-->[androidx.work:work-runtime:2.7.0] AndroidManifest.xml:52:13-69
189        <service
189-->[androidx.work:work-runtime:2.7.0] AndroidManifest.xml:54:9-59:35
190            android:name="androidx.work.impl.foreground.SystemForegroundService"
190-->[androidx.work:work-runtime:2.7.0] AndroidManifest.xml:55:13-81
191            android:directBootAware="false"
191-->[androidx.work:work-runtime:2.7.0] AndroidManifest.xml:56:13-44
192            android:enabled="@bool/enable_system_foreground_service_default"
192-->[androidx.work:work-runtime:2.7.0] AndroidManifest.xml:57:13-77
193            android:exported="false" />
193-->[androidx.work:work-runtime:2.7.0] AndroidManifest.xml:58:13-37
194
195        <receiver
195-->[androidx.work:work-runtime:2.7.0] AndroidManifest.xml:61:9-66:35
196            android:name="androidx.work.impl.utils.ForceStopRunnable$BroadcastReceiver"
196-->[androidx.work:work-runtime:2.7.0] AndroidManifest.xml:62:13-88
197            android:directBootAware="false"
197-->[androidx.work:work-runtime:2.7.0] AndroidManifest.xml:63:13-44
198            android:enabled="true"
198-->[androidx.work:work-runtime:2.7.0] AndroidManifest.xml:64:13-35
199            android:exported="false" />
199-->[androidx.work:work-runtime:2.7.0] AndroidManifest.xml:65:13-37
200        <receiver
200-->[androidx.work:work-runtime:2.7.0] AndroidManifest.xml:67:9-77:20
201            android:name="androidx.work.impl.background.systemalarm.ConstraintProxy$BatteryChargingProxy"
201-->[androidx.work:work-runtime:2.7.0] AndroidManifest.xml:68:13-106
202            android:directBootAware="false"
202-->[androidx.work:work-runtime:2.7.0] AndroidManifest.xml:69:13-44
203            android:enabled="false"
203-->[androidx.work:work-runtime:2.7.0] AndroidManifest.xml:70:13-36
204            android:exported="false" >
204-->[androidx.work:work-runtime:2.7.0] AndroidManifest.xml:71:13-37
205            <intent-filter>
205-->[androidx.work:work-runtime:2.7.0] AndroidManifest.xml:73:13-76:29
206                <action android:name="android.intent.action.ACTION_POWER_CONNECTED" />
206-->[androidx.work:work-runtime:2.7.0] AndroidManifest.xml:74:17-87
206-->[androidx.work:work-runtime:2.7.0] AndroidManifest.xml:74:25-84
207                <action android:name="android.intent.action.ACTION_POWER_DISCONNECTED" />
207-->[androidx.work:work-runtime:2.7.0] AndroidManifest.xml:75:17-90
207-->[androidx.work:work-runtime:2.7.0] AndroidManifest.xml:75:25-87
208            </intent-filter>
209        </receiver>
210        <receiver
210-->[androidx.work:work-runtime:2.7.0] AndroidManifest.xml:78:9-88:20
211            android:name="androidx.work.impl.background.systemalarm.ConstraintProxy$BatteryNotLowProxy"
211-->[androidx.work:work-runtime:2.7.0] AndroidManifest.xml:79:13-104
212            android:directBootAware="false"
212-->[androidx.work:work-runtime:2.7.0] AndroidManifest.xml:80:13-44
213            android:enabled="false"
213-->[androidx.work:work-runtime:2.7.0] AndroidManifest.xml:81:13-36
214            android:exported="false" >
214-->[androidx.work:work-runtime:2.7.0] AndroidManifest.xml:82:13-37
215            <intent-filter>
215-->[androidx.work:work-runtime:2.7.0] AndroidManifest.xml:84:13-87:29
216                <action android:name="android.intent.action.BATTERY_OKAY" />
216-->[androidx.work:work-runtime:2.7.0] AndroidManifest.xml:85:17-77
216-->[androidx.work:work-runtime:2.7.0] AndroidManifest.xml:85:25-74
217                <action android:name="android.intent.action.BATTERY_LOW" />
217-->[androidx.work:work-runtime:2.7.0] AndroidManifest.xml:86:17-76
217-->[androidx.work:work-runtime:2.7.0] AndroidManifest.xml:86:25-73
218            </intent-filter>
219        </receiver>
220        <receiver
220-->[androidx.work:work-runtime:2.7.0] AndroidManifest.xml:89:9-99:20
221            android:name="androidx.work.impl.background.systemalarm.ConstraintProxy$StorageNotLowProxy"
221-->[androidx.work:work-runtime:2.7.0] AndroidManifest.xml:90:13-104
222            android:directBootAware="false"
222-->[androidx.work:work-runtime:2.7.0] AndroidManifest.xml:91:13-44
223            android:enabled="false"
223-->[androidx.work:work-runtime:2.7.0] AndroidManifest.xml:92:13-36
224            android:exported="false" >
224-->[androidx.work:work-runtime:2.7.0] AndroidManifest.xml:93:13-37
225            <intent-filter>
225-->[androidx.work:work-runtime:2.7.0] AndroidManifest.xml:95:13-98:29
226                <action android:name="android.intent.action.DEVICE_STORAGE_LOW" />
226-->[androidx.work:work-runtime:2.7.0] AndroidManifest.xml:96:17-83
226-->[androidx.work:work-runtime:2.7.0] AndroidManifest.xml:96:25-80
227                <action android:name="android.intent.action.DEVICE_STORAGE_OK" />
227-->[androidx.work:work-runtime:2.7.0] AndroidManifest.xml:97:17-82
227-->[androidx.work:work-runtime:2.7.0] AndroidManifest.xml:97:25-79
228            </intent-filter>
229        </receiver>
230        <receiver
230-->[androidx.work:work-runtime:2.7.0] AndroidManifest.xml:100:9-109:20
231            android:name="androidx.work.impl.background.systemalarm.ConstraintProxy$NetworkStateProxy"
231-->[androidx.work:work-runtime:2.7.0] AndroidManifest.xml:101:13-103
232            android:directBootAware="false"
232-->[androidx.work:work-runtime:2.7.0] AndroidManifest.xml:102:13-44
233            android:enabled="false"
233-->[androidx.work:work-runtime:2.7.0] AndroidManifest.xml:103:13-36
234            android:exported="false" >
234-->[androidx.work:work-runtime:2.7.0] AndroidManifest.xml:104:13-37
235            <intent-filter>
235-->[androidx.work:work-runtime:2.7.0] AndroidManifest.xml:106:13-108:29
236                <action android:name="android.net.conn.CONNECTIVITY_CHANGE" />
236-->[androidx.work:work-runtime:2.7.0] AndroidManifest.xml:107:17-79
236-->[androidx.work:work-runtime:2.7.0] AndroidManifest.xml:107:25-76
237            </intent-filter>
238        </receiver>
239        <receiver
239-->[androidx.work:work-runtime:2.7.0] AndroidManifest.xml:110:9-121:20
240            android:name="androidx.work.impl.background.systemalarm.RescheduleReceiver"
240-->[androidx.work:work-runtime:2.7.0] AndroidManifest.xml:111:13-88
241            android:directBootAware="false"
241-->[androidx.work:work-runtime:2.7.0] AndroidManifest.xml:112:13-44
242            android:enabled="false"
242-->[androidx.work:work-runtime:2.7.0] AndroidManifest.xml:113:13-36
243            android:exported="false" >
243-->[androidx.work:work-runtime:2.7.0] AndroidManifest.xml:114:13-37
244            <intent-filter>
244-->[androidx.work:work-runtime:2.7.0] AndroidManifest.xml:116:13-120:29
245                <action android:name="android.intent.action.BOOT_COMPLETED" />
245-->[androidx.work:work-runtime:2.7.0] AndroidManifest.xml:117:17-79
245-->[androidx.work:work-runtime:2.7.0] AndroidManifest.xml:117:25-76
246                <action android:name="android.intent.action.TIME_SET" />
246-->[androidx.work:work-runtime:2.7.0] AndroidManifest.xml:118:17-73
246-->[androidx.work:work-runtime:2.7.0] AndroidManifest.xml:118:25-70
247                <action android:name="android.intent.action.TIMEZONE_CHANGED" />
247-->[androidx.work:work-runtime:2.7.0] AndroidManifest.xml:119:17-81
247-->[androidx.work:work-runtime:2.7.0] AndroidManifest.xml:119:25-78
248            </intent-filter>
249        </receiver>
250        <receiver
250-->[androidx.work:work-runtime:2.7.0] AndroidManifest.xml:122:9-131:20
251            android:name="androidx.work.impl.background.systemalarm.ConstraintProxyUpdateReceiver"
251-->[androidx.work:work-runtime:2.7.0] AndroidManifest.xml:123:13-99
252            android:directBootAware="false"
252-->[androidx.work:work-runtime:2.7.0] AndroidManifest.xml:124:13-44
253            android:enabled="@bool/enable_system_alarm_service_default"
253-->[androidx.work:work-runtime:2.7.0] AndroidManifest.xml:125:13-72
254            android:exported="false" >
254-->[androidx.work:work-runtime:2.7.0] AndroidManifest.xml:126:13-37
255            <intent-filter>
255-->[androidx.work:work-runtime:2.7.0] AndroidManifest.xml:128:13-130:29
256                <action android:name="androidx.work.impl.background.systemalarm.UpdateProxies" />
256-->[androidx.work:work-runtime:2.7.0] AndroidManifest.xml:129:17-98
256-->[androidx.work:work-runtime:2.7.0] AndroidManifest.xml:129:25-95
257            </intent-filter>
258        </receiver>
259        <receiver
259-->[androidx.work:work-runtime:2.7.0] AndroidManifest.xml:132:9-142:20
260            android:name="androidx.work.impl.diagnostics.DiagnosticsReceiver"
260-->[androidx.work:work-runtime:2.7.0] AndroidManifest.xml:133:13-78
261            android:directBootAware="false"
261-->[androidx.work:work-runtime:2.7.0] AndroidManifest.xml:134:13-44
262            android:enabled="true"
262-->[androidx.work:work-runtime:2.7.0] AndroidManifest.xml:135:13-35
263            android:exported="true"
263-->[androidx.work:work-runtime:2.7.0] AndroidManifest.xml:136:13-36